<?xml version="1.0" encoding="UTF-8"?>
<testsuite xmlns:xsi="http://www.w3.org/2001/XMLSchema-instance" xsi:noNamespaceSchemaLocation="https://maven.apache.org/surefire/maven-surefire-plugin/xsd/surefire-test-report-3.0.xsd" version="3.0" name="commands.FindApplianceCommandTest" time="0.11" tests="1" errors="0" skipped="0" failures="0">
  <properties>
[...]
</properties>
  <testcase name="testFindApplianceByPowerRange" classname="commands.FindApplianceCommandTest" time="0.109">
    <system-out><![CDATA[Enter minimum power: Enter maximum power: ]]></system-out>
  </testcase>
</testsuite>